<?xml version="1.0" encoding="UTF-8"?>
<coverage generated="1733481013571" clover="3.2.0">
  <project timestamp="1733481013572" name="All files">
    <metrics statements="22" coveredstatements="21" conditionals="8" coveredconditionals="7" methods="8" coveredmethods="8" elements="38" coveredelements="36" complexity="0" loc="22" ncloc="22" packages="1" files="1" classes="1"/>
    <file name="string-calculator.js" path="E:\tdd-string-sum\string-calculator.js">
      <metrics statements="22" coveredstatements="21" conditionals="8" coveredconditionals="7" methods="8" coveredmethods="8"/>
      <line num="9" count="14" type="cond" truecount="2" falsecount="0"/>
      <line num="14" count="13" type="stmt"/>
      <line num="19" count="13" type="cond" truecount="2" falsecount="0"/>
      <line num="21" count="5" type="stmt"/>
      <line num="23" count="5" type="stmt"/>
      <line num="25" count="5" type="stmt"/>
      <line num="32" count="13" type="stmt"/>
      <line num="37" count="13" type="stmt"/>
      <line num="42" count="13" type="stmt"/>
      <line num="47" count="2026" type="stmt"/>
      <line num="56" count="5" type="stmt"/>
      <line num="58" count="5" type="cond" truecount="1" falsecount="1"/>
      <line num="60" count="5" type="stmt"/>
      <line num="62" count="5" type="stmt"/>
      <line num="64" count="5" type="stmt"/>
      <line num="68" count="0" type="stmt"/>
      <line num="77" count="13" type="stmt"/>
      <line num="86" count="2035" type="stmt"/>
      <line num="95" count="2035" type="stmt"/>
      <line num="97" count="13" type="cond" truecount="2" falsecount="0"/>
      <line num="99" count="3" type="stmt"/>
      <line num="107" count="1" type="stmt"/>
    </file>
  </project>
</coverage>
