{"E:\\tdd-string-sum\\string-calculator.js": {"path":"E:\\tdd-string-sum\\string-calculator.js","statementMap":{"0":{"start":{"line":9,"column":6},"end":{"line":9,"column":29}},"1":{"start":{"line":9,"column":20},"end":{"line":9,"column":29}},"2":{"start":{"line":14,"column":22},"end":{"line":14,"column":29}},"3":{"start":{"line":19,"column":6},"end":{"line":27,"column":7}},"4":{"start":{"line":21,"column":30},"end":{"line":21,"column":61}},"5":{"start":{"line":23,"column":8},"end":{"line":23,"column":44}},"6":{"start":{"line":25,"column":8},"end":{"line":25,"column":40}},"7":{"start":{"line":32,"column":25},"end":{"line":32,"column":63}},"8":{"start":{"line":37,"column":28},"end":{"line":37,"column":58}},"9":{"start":{"line":42,"column":6},"end":{"line":42,"column":45}},"10":{"start":{"line":47,"column":6},"end":{"line":47,"column":62}},"11":{"start":{"line":47,"column":48},"end":{"line":47,"column":57}},"12":{"start":{"line":56,"column":29},"end":{"line":56,"column":59}},"13":{"start":{"line":58,"column":6},"end":{"line":66,"column":7}},"14":{"start":{"line":60,"column":26},"end":{"line":60,"column":60}},"15":{"start":{"line":62,"column":24},"end":{"line":62,"column":67}},"16":{"start":{"line":64,"column":8},"end":{"line":64,"column":38}},"17":{"start":{"line":68,"column":6},"end":{"line":68,"column":50}},"18":{"start":{"line":77,"column":6},"end":{"line":77,"column":38}},"19":{"start":{"line":86,"column":6},"end":{"line":86,"column":54}},"20":{"start":{"line":86,"column":35},"end":{"line":86,"column":52}},"21":{"start":{"line":95,"column":24},"end":{"line":95,"column":60}},"22":{"start":{"line":95,"column":52},"end":{"line":95,"column":59}},"23":{"start":{"line":97,"column":6},"end":{"line":101,"column":7}},"24":{"start":{"line":99,"column":8},"end":{"line":99,"column":74}},"25":{"start":{"line":107,"column":2},"end":{"line":107,"column":36}}},"fnMap":{"0":{"name":"(anonymous_0)","decl":{"start":{"line":5,"column":4},"end":{"line":5,"column":5}},"loc":{"start":{"line":5,"column":17},"end":{"line":49,"column":5}},"line":5},"1":{"name":"(anonymous_1)","decl":{"start":{"line":47,"column":34},"end":{"line":47,"column":35}},"loc":{"start":{"line":47,"column":48},"end":{"line":47,"column":57}},"line":47},"2":{"name":"(anonymous_2)","decl":{"start":{"line":54,"column":4},"end":{"line":54,"column":5}},"loc":{"start":{"line":54,"column":35},"end":{"line":70,"column":5}},"line":54},"3":{"name":"(anonymous_3)","decl":{"start":{"line":75,"column":4},"end":{"line":75,"column":5}},"loc":{"start":{"line":75,"column":38},"end":{"line":79,"column":5}},"line":75},"4":{"name":"(anonymous_4)","decl":{"start":{"line":84,"column":4},"end":{"line":84,"column":5}},"loc":{"start":{"line":84,"column":30},"end":{"line":88,"column":5}},"line":84},"5":{"name":"(anonymous_5)","decl":{"start":{"line":86,"column":28},"end":{"line":86,"column":29}},"loc":{"start":{"line":86,"column":35},"end":{"line":86,"column":52}},"line":86},"6":{"name":"(anonymous_6)","decl":{"start":{"line":93,"column":4},"end":{"line":93,"column":5}},"loc":{"start":{"line":93,"column":38},"end":{"line":103,"column":5}},"line":93},"7":{"name":"(anonymous_7)","decl":{"start":{"line":95,"column":45},"end":{"line":95,"column":46}},"loc":{"start":{"line":95,"column":52},"end":{"line":95,"column":59}},"line":95}},"branchMap":{"0":{"loc":{"start":{"line":9,"column":6},"end":{"line":9,"column":29}},"type":"if","locations":[{"start":{"line":9,"column":6},"end":{"line":9,"column":29}},{"start":{},"end":{}}],"line":9},"1":{"loc":{"start":{"line":19,"column":6},"end":{"line":27,"column":7}},"type":"if","locations":[{"start":{"line":19,"column":6},"end":{"line":27,"column":7}},{"start":{},"end":{}}],"line":19},"2":{"loc":{"start":{"line":58,"column":6},"end":{"line":66,"column":7}},"type":"if","locations":[{"start":{"line":58,"column":6},"end":{"line":66,"column":7}},{"start":{},"end":{}}],"line":58},"3":{"loc":{"start":{"line":97,"column":6},"end":{"line":101,"column":7}},"type":"if","locations":[{"start":{"line":97,"column":6},"end":{"line":101,"column":7}},{"start":{},"end":{}}],"line":97}},"s":{"0":14,"1":1,"2":13,"3":13,"4":5,"5":5,"6":5,"7":13,"8":13,"9":13,"10":10,"11":2026,"12":5,"13":5,"14":5,"15":5,"16":5,"17":0,"18":13,"19":13,"20":2035,"21":13,"22":2035,"23":13,"24":3,"25":1},"f":{"0":14,"1":2026,"2":5,"3":13,"4":13,"5":2035,"6":13,"7":2035},"b":{"0":[1,13],"1":[5,8],"2":[5,0],"3":[3,10]},"_coverageSchema":"1a1c01bbd47fc00a2c39e90264f33305004495a9","hash":"dcb83b4401ee88d36d02728ea8208b03304a9aa2"}
}
