TN:
SF:string-calculator.js
FN:5,(anonymous_0)
FN:47,(anonymous_1)
FN:54,(anonymous_2)
FN:75,(anonymous_3)
FN:84,(anonymous_4)
FN:86,(anonymous_5)
FN:93,(anonymous_6)
FN:95,(anonymous_7)
FNF:8
FNH:8
FNDA:14,(anonymous_0)
FNDA:2026,(anonymous_1)
FNDA:5,(anonymous_2)
FNDA:13,(anonymous_3)
FNDA:13,(anonymous_4)
FNDA:2035,(anonymous_5)
FNDA:13,(anonymous_6)
FNDA:2035,(anonymous_7)
DA:9,14
DA:14,13
DA:19,13
DA:21,5
DA:23,5
DA:25,5
DA:32,13
DA:37,13
DA:42,13
DA:47,2026
DA:56,5
DA:58,5
DA:60,5
DA:62,5
DA:64,5
DA:68,0
DA:77,13
DA:86,2035
DA:95,2035
DA:97,13
DA:99,3
DA:107,1
LF:22
LH:21
BRDA:9,0,0,1
BRDA:9,0,1,13
BRDA:19,1,0,5
BRDA:19,1,1,8
BRDA:58,2,0,5
BRDA:58,2,1,0
BRDA:97,3,0,3
BRDA:97,3,1,10
BRF:8
BRH:7
end_of_record
